+-------------------+--------+
|     Parameter     | Value  |
+===================+========+
| Edge dim          | 64     |
+-------------------+--------+
| Epochs            | 200    |
+-------------------+--------+
| Exp name          | Exp    |
+-------------------+--------+
| Gpu index         | 1      |
+-------------------+--------+
| Lr                | 0.0005 |
+-------------------+--------+
| Max in degree     | 5      |
+-------------------+--------+
| Max out degree    | 5      |
+-------------------+--------+
| Max path distance | 5      |
+-------------------+--------+
| Node dim          | 64     |
+-------------------+--------+
| Num heads         | 4      |
+-------------------+--------+
| Num layers        | 1      |
+-------------------+--------+
| Output dim        | 1      |
+-------------------+--------+
| Seed              | 16     |
+-------------------+--------+
| Test batch size   | 8      |
+-------------------+--------+
| Train batch size  | 8      |
+-------------------+--------+
+-------------------+--------+
|     Parameter     | Value  |
+===================+========+
| Edge dim          | 64     |
+-------------------+--------+
| Epochs            | 200    |
+-------------------+--------+
| Exp name          | Exp    |
+-------------------+--------+
| Gpu index         | 1      |
+-------------------+--------+
| Lr                | 0.0005 |
+-------------------+--------+
| Max in degree     | 5      |
+-------------------+--------+
| Max out degree    | 5      |
+-------------------+--------+
| Max path distance | 5      |
+-------------------+--------+
| Node dim          | 64     |
+-------------------+--------+
| Num heads         | 4      |
+-------------------+--------+
| Num layers        | 1      |
+-------------------+--------+
| Output dim        | 1      |
+-------------------+--------+
| Seed              | 16     |
+-------------------+--------+
| Test batch size   | 8      |
+-------------------+--------+
| Train batch size  | 8      |
+-------------------+--------+
